# JRE version: Java(TM) SE Runtime Environment (8.0_141-b15) (build 1.8.0_141-b15)
# Java VM: Java HotSpot(TM) 64-Bit Server VM (25.141-b15 mixed mode windows-amd64 compressed oops)
Heap:
 PSYoungGen      total 162304K, used 100498K [0x000000076ae00000, 0x000000077a880000, 0x00000007c0000000)
  eden space 147968K, 58% used [0x000000076ae00000,0x000000077022c2c0,0x0000000773e80000)
  from space 14336K, 99% used [0x0000000773e80000,0x0000000774c78600,0x0000000774c80000)
  to   space 18432K, 0% used [0x0000000779680000,0x0000000779680000,0x000000077a880000)
 ParOldGen       total 103424K, used 13302K [0x00000006c0a00000, 0x00000006c6f00000, 0x000000076ae00000)
  object space 103424K, 12% used [0x00000006c0a00000,0x00000006c16fd908,0x00000006c6f00000)
 Metaspace       used 33663K, capacity 34230K, committed 34432K, reserved 1079296K
  class space    used 4249K, capacity 4387K, committed 4480K, reserved 1048576K
GC Heap History (10 events):
Event: 1.786 GC heap before
{Heap before GC invocations=4 (full 1):
 PSYoungGen      total 76288K, used 8071K [0x000000076ae00000, 0x0000000774300000, 0x00000007c0000000)
  eden space 65536K, 0% used [0x000000076ae00000,0x000000076ae00000,0x000000076ee00000)
  from space 10752K, 75% used [0x000000076ee00000,0x000000076f5e1f60,0x000000076f880000)
  to   space 10752K, 0% used [0x0000000773880000,0x0000000773880000,0x0000000774300000)
 ParOldGen       total 175104K, used 794K [0x00000006c0a00000, 0x00000006cb500000, 0x000000076ae00000)
  object space 175104K, 0% used [0x00000006c0a00000,0x00000006c0ac6ad8,0x00000006cb500000)
 Metaspace       used 20790K, capacity 21122K, committed 21296K, reserved 1069056K
  class space    used 2566K, capacity 2666K, committed 2688K, reserved 1048576K
Event: 1.814 GC heap after
Heap after GC invocations=4 (full 1):
 PSYoungGen      total 76288K, used 0K [0x000000076ae00000, 0x0000000774300000, 0x00000007c0000000)
  eden space 65536K, 0% used [0x000000076ae00000,0x000000076ae00000,0x000000076ee00000)
  from space 10752K, 0% used [0x000000076ee00000,0x000000076ee00000,0x000000076f880000)
  to   space 10752K, 0% used [0x0000000773880000,0x0000000773880000,0x0000000774300000)
 ParOldGen       total 103424K, used 7975K [0x00000006c0a00000, 0x00000006c6f00000, 0x000000076ae00000)
  object space 103424K, 7% used [0x00000006c0a00000,0x00000006c11c9f70,0x00000006c6f00000)
 Metaspace       used 20790K, capacity 21122K, committed 21296K, reserved 1069056K
  class space    used 2566K, capacity 2666K, committed 2688K, reserved 1048576K
}
Event: 2.346 GC heap before
{Heap before GC invocations=5 (full 1):
 PSYoungGen      total 76288K, used 65536K [0x000000076ae00000, 0x0000000774300000, 0x00000007c0000000)
  eden space 65536K, 100% used [0x000000076ae00000,0x000000076ee00000,0x000000076ee00000)
  from space 10752K, 0% used [0x000000076ee00000,0x000000076ee00000,0x000000076f880000)
  to   space 10752K, 0% used [0x0000000773880000,0x0000000773880000,0x0000000774300000)
 ParOldGen       total 103424K, used 7975K [0x00000006c0a00000, 0x00000006c6f00000, 0x000000076ae00000)
  object space 103424K, 7% used [0x00000006c0a00000,0x00000006c11c9f70,0x00000006c6f00000)
 Metaspace       used 22598K, capacity 22970K, committed 23216K, reserved 1069056K
  class space    used 2854K, capacity 2958K, committed 3072K, reserved 1048576K
Event: 2.349 GC heap after
Heap after GC invocations=5 (full 1):
 PSYoungGen      total 104448K, used 4454K [0x000000076ae00000, 0x0000000773d00000, 0x00000007c0000000)
  eden space 99840K, 0% used [0x000000076ae00000,0x000000076ae00000,0x0000000770f80000)
  from space 4608K, 96% used [0x0000000773880000,0x0000000773cd99d0,0x0000000773d00000)
  to   space 10752K, 0% used [0x0000000772800000,0x0000000772800000,0x0000000773280000)
 ParOldGen       total 103424K, used 7983K [0x00000006c0a00000, 0x00000006c6f00000, 0x000000076ae00000)
  object space 103424K, 7% used [0x00000006c0a00000,0x00000006c11cbf70,0x00000006c6f00000)
 Metaspace       used 22598K, capacity 22970K, committed 23216K, reserved 1069056K
  class space    used 2854K, capacity 2958K, committed 3072K, reserved 1048576K
}
Event: 2.757 GC heap before
{Heap before GC invocations=6 (full 1):
 PSYoungGen      total 104448K, used 104294K [0x000000076ae00000, 0x0000000773d00000, 0x00000007c0000000)
  eden space 99840K, 100% used [0x000000076ae00000,0x0000000770f80000,0x0000000770f80000)
  from space 4608K, 96% used [0x0000000773880000,0x0000000773cd99d0,0x0000000773d00000)
  to   space 10752K, 0% used [0x0000000772800000,0x0000000772800000,0x0000000773280000)
 ParOldGen       total 103424K, used 7983K [0x00000006c0a00000, 0x00000006c6f00000, 0x000000076ae00000)
  object space 103424K, 7% used [0x00000006c0a00000,0x00000006c11cbf70,0x00000006c6f00000)
 Metaspace       used 25398K, capacity 25866K, committed 26240K, reserved 1073152K
  class space    used 3227K, capacity 3366K, committed 3456K, reserved 1048576K
Event: 2.762 GC heap after
Heap after GC invocations=6 (full 1):
 PSYoungGen      total 135680K, used 8128K [0x000000076ae00000, 0x0000000775800000, 0x00000007c0000000)
  eden space 124928K, 0% used [0x000000076ae00000,0x000000076ae00000,0x0000000772800000)
  from space 10752K, 75% used [0x0000000772800000,0x0000000772ff0270,0x0000000773280000)
  to   space 11776K, 0% used [0x0000000774c80000,0x0000000774c80000,0x0000000775800000)
 ParOldGen       total 103424K, used 7991K [0x00000006c0a00000, 0x00000006c6f00000, 0x000000076ae00000)
  object space 103424K, 7% used [0x00000006c0a00000,0x00000006c11cdf70,0x00000006c6f00000)
 Metaspace       used 25398K, capacity 25866K, committed 26240K, reserved 1073152K
  class space    used 3227K, capacity 3366K, committed 3456K, reserved 1048576K
}
Event: 3.286 GC heap before
{Heap before GC invocations=7 (full 1):
 PSYoungGen      total 135680K, used 133056K [0x000000076ae00000, 0x0000000775800000, 0x00000007c0000000)
  eden space 124928K, 100% used [0x000000076ae00000,0x0000000772800000,0x0000000772800000)
  from space 10752K, 75% used [0x0000000772800000,0x0000000772ff0270,0x0000000773280000)
  to   space 11776K, 0% used [0x0000000774c80000,0x0000000774c80000,0x0000000775800000)
 ParOldGen       total 103424K, used 7991K [0x00000006c0a00000, 0x00000006c6f00000, 0x000000076ae00000)
  object space 103424K, 7% used [0x00000006c0a00000,0x00000006c11cdf70,0x00000006c6f00000)
 Metaspace       used 29142K, capacity 29640K, committed 29696K, reserved 1075200K
  class space    used 3718K, capacity 3835K, committed 3840K, reserved 1048576K
Event: 3.293 GC heap after
Heap after GC invocations=7 (full 1):
 PSYoungGen      total 159744K, used 11762K [0x000000076ae00000, 0x0000000778100000, 0x00000007c0000000)
  eden space 147968K, 0% used [0x000000076ae00000,0x000000076ae00000,0x0000000773e80000)
  from space 11776K, 99% used [0x0000000774c80000,0x00000007757fc800,0x0000000775800000)
  to   space 14336K, 0% used [0x0000000773e80000,0x0000000773e80000,0x0000000774c80000)
 ParOldGen       total 103424K, used 9135K [0x00000006c0a00000, 0x00000006c6f00000, 0x000000076ae00000)
  object space 103424K, 8% used [0x00000006c0a00000,0x00000006c12ebe98,0x00000006c6f00000)
 Metaspace       used 29142K, capacity 29640K, committed 29696K, reserved 1075200K
  class space    used 3718K, capacity 3835K, committed 3840K, reserved 1048576K
}
Event: 4.185 GC heap before
{Heap before GC invocations=8 (full 1):
 PSYoungGen      total 159744K, used 159730K [0x000000076ae00000, 0x0000000778100000, 0x00000007c0000000)
  eden space 147968K, 100% used [0x000000076ae00000,0x0000000773e80000,0x0000000773e80000)
  from space 11776K, 99% used [0x0000000774c80000,0x00000007757fc800,0x0000000775800000)
  to   space 14336K, 0% used [0x0000000773e80000,0x0000000773e80000,0x0000000774c80000)
 ParOldGen       total 103424K, used 9135K [0x00000006c0a00000, 0x00000006c6f00000, 0x000000076ae00000)
  object space 103424K, 8% used [0x00000006c0a00000,0x00000006c12ebe98,0x00000006c6f00000)
 Metaspace       used 32597K, capacity 33136K, committed 33408K, reserved 1079296K
  class space    used 4090K, capacity 4209K, committed 4224K, reserved 1048576K
Event: 4.196 GC heap after
Heap after GC invocations=8 (full 1):
 PSYoungGen      total 162304K, used 14305K [0x000000076ae00000, 0x000000077a880000, 0x00000007c0000000)
  eden space 147968K, 0% used [0x000000076ae00000,0x000000076ae00000,0x0000000773e80000)
  from space 14336K, 99% used [0x0000000773e80000,0x0000000774c78600,0x0000000774c80000)
  to   space 18432K, 0% used [0x0000000779680000,0x0000000779680000,0x000000077a880000)
 ParOldGen       total 103424K, used 13302K [0x00000006c0a00000, 0x00000006c6f00000, 0x000000076ae00000)
  object space 103424K, 12% used [0x00000006c0a00000,0x00000006c16fd908,0x00000006c6f00000)
 Metaspace       used 32597K, capacity 33136K, committed 33408K, reserved 1079296K
  class space    used 4090K, capacity 4209K, committed 4224K, reserved 1048576K
}

