# JRE version: Java(TM) SE Runtime Environment (8.0_141-b15) (build 1.8.0_141-b15)
# Java VM: Java HotSpot(TM) 64-Bit Server VM (25.141-b15 mixed mode windows-amd64 compressed oops)
Heap:
 PSYoungGen      total 228352K, used 106628K [0x000000076ae00000, 0x000000077c200000, 0x00000007c0000000)
  eden space 218624K, 44% used [0x000000076ae00000,0x0000000770ce5180,0x0000000778380000)
  from space 9728K, 97% used [0x000000077b880000,0x000000077c1bc038,0x000000077c200000)
  to   space 10752K, 0% used [0x000000077ad00000,0x000000077ad00000,0x000000077b780000)
 ParOldGen       total 93696K, used 7719K [0x00000006c0a00000, 0x00000006c6580000, 0x000000076ae00000)
  object space 93696K, 8% used [0x00000006c0a00000,0x00000006c1189e08,0x00000006c6580000)
 Metaspace       used 27722K, capacity 28152K, committed 28288K, reserved 1073152K
  class space    used 3569K, capacity 3683K, committed 3712K, reserved 1048576K
GC Heap History (10 events):
Event: 1.218 GC heap before
{Heap before GC invocations=1 (full 0):
 PSYoungGen      total 76288K, used 65536K [0x000000076ae00000, 0x0000000770300000, 0x00000007c0000000)
  eden space 65536K, 100% used [0x000000076ae00000,0x000000076ee00000,0x000000076ee00000)
  from space 10752K, 0% used [0x000000076f880000,0x000000076f880000,0x0000000770300000)
  to   space 10752K, 0% used [0x000000076ee00000,0x000000076ee00000,0x000000076f880000)
 ParOldGen       total 175104K, used 0K [0x00000006c0a00000, 0x00000006cb500000, 0x000000076ae00000)
  object space 175104K, 0% used [0x00000006c0a00000,0x00000006c0a00000,0x00000006cb500000)
 Metaspace       used 11904K, capacity 12176K, committed 12416K, reserved 1060864K
  class space    used 1524K, capacity 1604K, committed 1664K, reserved 1048576K
Event: 1.240 GC heap after
Heap after GC invocations=1 (full 0):
 PSYoungGen      total 76288K, used 6154K [0x000000076ae00000, 0x0000000774300000, 0x00000007c0000000)
  eden space 65536K, 0% used [0x000000076ae00000,0x000000076ae00000,0x000000076ee00000)
  from space 10752K, 57% used [0x000000076ee00000,0x000000076f402810,0x000000076f880000)
  to   space 10752K, 0% used [0x0000000773880000,0x0000000773880000,0x0000000774300000)
 ParOldGen       total 175104K, used 8K [0x00000006c0a00000, 0x00000006cb500000, 0x000000076ae00000)
  object space 175104K, 0% used [0x00000006c0a00000,0x00000006c0a02000,0x00000006cb500000)
 Metaspace       used 11904K, capacity 12176K, committed 12416K, reserved 1060864K
  class space    used 1524K, capacity 1604K, committed 1664K, reserved 1048576K
}
Event: 1.460 GC heap before
{Heap before GC invocations=2 (full 0):
 PSYoungGen      total 76288K, used 71690K [0x000000076ae00000, 0x0000000774300000, 0x00000007c0000000)
  eden space 65536K, 100% used [0x000000076ae00000,0x000000076ee00000,0x000000076ee00000)
  from space 10752K, 57% used [0x000000076ee00000,0x000000076f402810,0x000000076f880000)
  to   space 10752K, 0% used [0x0000000773880000,0x0000000773880000,0x0000000774300000)
 ParOldGen       total 175104K, used 8K [0x00000006c0a00000, 0x00000006cb500000, 0x000000076ae00000)
  object space 175104K, 0% used [0x00000006c0a00000,0x00000006c0a02000,0x00000006cb500000)
 Metaspace       used 18346K, capacity 18684K, committed 18816K, reserved 1064960K
  class space    used 2282K, capacity 2365K, committed 2432K, reserved 1048576K
Event: 1.478 GC heap after
Heap after GC invocations=2 (full 0):
 PSYoungGen      total 141824K, used 10204K [0x000000076ae00000, 0x0000000774300000, 0x00000007c0000000)
  eden space 131072K, 0% used [0x000000076ae00000,0x000000076ae00000,0x0000000772e00000)
  from space 10752K, 94% used [0x0000000773880000,0x0000000774277170,0x0000000774300000)
  to   space 10752K, 0% used [0x0000000772e00000,0x0000000772e00000,0x0000000773880000)
 ParOldGen       total 175104K, used 88K [0x00000006c0a00000, 0x00000006cb500000, 0x000000076ae00000)
  object space 175104K, 0% used [0x00000006c0a00000,0x00000006c0a16010,0x00000006cb500000)
 Metaspace       used 18346K, capacity 18684K, committed 18816K, reserved 1064960K
  class space    used 2282K, capacity 2365K, committed 2432K, reserved 1048576K
}
Event: 1.920 GC heap before
{Heap before GC invocations=3 (full 0):
 PSYoungGen      total 141824K, used 66274K [0x000000076ae00000, 0x0000000774300000, 0x00000007c0000000)
  eden space 131072K, 42% used [0x000000076ae00000,0x000000076e4c1988,0x0000000772e00000)
  from space 10752K, 94% used [0x0000000773880000,0x0000000774277170,0x0000000774300000)
  to   space 10752K, 0% used [0x0000000772e00000,0x0000000772e00000,0x0000000773880000)
 ParOldGen       total 175104K, used 88K [0x00000006c0a00000, 0x00000006cb500000, 0x000000076ae00000)
  object space 175104K, 0% used [0x00000006c0a00000,0x00000006c0a16010,0x00000006cb500000)
 Metaspace       used 20772K, capacity 21128K, committed 21248K, reserved 1067008K
  class space    used 2638K, capacity 2731K, committed 2816K, reserved 1048576K
Event: 1.926 GC heap after
Heap after GC invocations=3 (full 0):
 PSYoungGen      total 141824K, used 7839K [0x000000076ae00000, 0x000000077c300000, 0x00000007c0000000)
  eden space 131072K, 0% used [0x000000076ae00000,0x000000076ae00000,0x0000000772e00000)
  from space 10752K, 72% used [0x0000000772e00000,0x00000007735a7d18,0x0000000773880000)
  to   space 10752K, 0% used [0x000000077b880000,0x000000077b880000,0x000000077c300000)
 ParOldGen       total 175104K, used 96K [0x00000006c0a00000, 0x00000006cb500000, 0x000000076ae00000)
  object space 175104K, 0% used [0x00000006c0a00000,0x00000006c0a18010,0x00000006cb500000)
 Metaspace       used 20772K, capacity 21128K, committed 21248K, reserved 1067008K
  class space    used 2638K, capacity 2731K, committed 2816K, reserved 1048576K
}
Event: 1.926 GC heap before
{Heap before GC invocations=4 (full 1):
 PSYoungGen      total 141824K, used 7839K [0x000000076ae00000, 0x000000077c300000, 0x00000007c0000000)
  eden space 131072K, 0% used [0x000000076ae00000,0x000000076ae00000,0x0000000772e00000)
  from space 10752K, 72% used [0x0000000772e00000,0x00000007735a7d18,0x0000000773880000)
  to   space 10752K, 0% used [0x000000077b880000,0x000000077b880000,0x000000077c300000)
 ParOldGen       total 175104K, used 96K [0x00000006c0a00000, 0x00000006cb500000, 0x000000076ae00000)
  object space 175104K, 0% used [0x00000006c0a00000,0x00000006c0a18010,0x00000006cb500000)
 Metaspace       used 20772K, capacity 21128K, committed 21248K, reserved 1067008K
  class space    used 2638K, capacity 2731K, committed 2816K, reserved 1048576K
Event: 1.956 GC heap after
Heap after GC invocations=4 (full 1):
 PSYoungGen      total 141824K, used 0K [0x000000076ae00000, 0x000000077c300000, 0x00000007c0000000)
  eden space 131072K, 0% used [0x000000076ae00000,0x000000076ae00000,0x0000000772e00000)
  from space 10752K, 0% used [0x0000000772e00000,0x0000000772e00000,0x0000000773880000)
  to   space 10752K, 0% used [0x000000077b880000,0x000000077b880000,0x000000077c300000)
 ParOldGen       total 93696K, used 7711K [0x00000006c0a00000, 0x00000006c6580000, 0x000000076ae00000)
  object space 93696K, 8% used [0x00000006c0a00000,0x00000006c1187e08,0x00000006c6580000)
 Metaspace       used 20772K, capacity 21128K, committed 21248K, reserved 1067008K
  class space    used 2638K, capacity 2731K, committed 2816K, reserved 1048576K
}
Event: 2.474 GC heap before
{Heap before GC invocations=5 (full 1):
 PSYoungGen      total 141824K, used 131072K [0x000000076ae00000, 0x000000077c300000, 0x00000007c0000000)
  eden space 131072K, 100% used [0x000000076ae00000,0x0000000772e00000,0x0000000772e00000)
  from space 10752K, 0% used [0x0000000772e00000,0x0000000772e00000,0x0000000773880000)
  to   space 10752K, 0% used [0x000000077b880000,0x000000077b880000,0x000000077c300000)
 ParOldGen       total 93696K, used 7711K [0x00000006c0a00000, 0x00000006c6580000, 0x000000076ae00000)
  object space 93696K, 8% used [0x00000006c0a00000,0x00000006c1187e08,0x00000006c6580000)
 Metaspace       used 24272K, capacity 24716K, committed 24832K, reserved 1071104K
  class space    used 3154K, capacity 3265K, committed 3328K, reserved 1048576K
Event: 2.482 GC heap after
Heap after GC invocations=5 (full 1):
 PSYoungGen      total 228352K, used 9456K [0x000000076ae00000, 0x000000077c200000, 0x00000007c0000000)
  eden space 218624K, 0% used [0x000000076ae00000,0x000000076ae00000,0x0000000778380000)
  from space 9728K, 97% used [0x000000077b880000,0x000000077c1bc038,0x000000077c200000)
  to   space 10752K, 0% used [0x000000077ad00000,0x000000077ad00000,0x000000077b780000)
 ParOldGen       total 93696K, used 7719K [0x00000006c0a00000, 0x00000006c6580000, 0x000000076ae00000)
  object space 93696K, 8% used [0x00000006c0a00000,0x00000006c1189e08,0x00000006c6580000)
 Metaspace       used 24272K, capacity 24716K, committed 24832K, reserved 1071104K
  class space    used 3154K, capacity 3265K, committed 3328K, reserved 1048576K
}

